<?xml version="1.0" encoding="UTF-8"?>
<!-- Generated by org.testng.reporters.JUnitXMLReporter -->
<testsuite ignored="0" hostname="BE2CB373" failures="0" tests="5" name="Test" time="123.95" errors="0" timestamp="2023-07-03T12:19:44 IST">
  <testcase classname="com.EmployeManagementService.testcases.DashboardPageTest" name="validateAdminTab" time="7.436"/>
  <testcase classname="com.EmployeManagementService.testcases.DashboardPageTest" name="validatePimTab" time="5.247"/>
  <testcase classname="com.EmployeManagementService.testcases.LoginPageTest" name="validateLogo" time="6.061"/>
  <testcase classname="com.EmployeManagementService.testcases.LoginPageTest" name="verifyLogin" time="5.681"/>
  <testcase classname="com.EmployeManagementService.testcases.AdminPageTest" name="emailConfigurationTest" time="19.626"/>
</testsuite> <!-- Test -->
